# JRE version: OpenJDK Runtime Environment Corretto-17.0.9.8.1 (17.0.9+8) (build 17.0.9+8-LTS)
# Java VM: OpenJDK 64-Bit Server VM Corretto-17.0.9.8.1 (17.0.9+8-LTS, mixed mode, sharing, tiered, compressed oops, compressed class ptrs, g1 gc, windows-amd64)
GC Precious Log:
 CPUs: 20 total, 20 available
 Memory: 16110M
 Large Page Support: Disabled
 NUMA Support: Disabled
 Compressed Oops: Enabled (Zero based)
 Heap Region Size: 2M
 Heap Min Capacity: 8M
 Heap Initial Capacity: 252M
 Heap Max Capacity: 4028M
 Pre-touch: Disabled
 Parallel Workers: 15
 Concurrent Workers: 4
 Concurrent Refinement Workers: 15
 Periodic GC: Disabled
Heap:
 garbage-first heap   total 133120K, used 80066K [0x0000000704400000, 0x0000000800000000)
  region size 2048K, 10 young (20480K), 3 survivors (6144K)
 Metaspace       used 74425K, committed 75008K, reserved 1114112K
  class space    used 9996K, committed 10304K, reserved 1048576K
GC Heap History (20 events):
Event: 13.915 GC heap before
{Heap before GC invocations=15 (full 0):
 garbage-first heap   total 61440K, used 47326K [0x0000000704400000, 0x0000000800000000)
  region size 2048K, 12 young (24576K), 2 survivors (4096K)
 Metaspace       used 59265K, committed 59840K, reserved 1114112K
  class space    used 7976K, committed 8256K, reserved 1048576K
}
Event: 13.923 GC heap after
{Heap after GC invocations=16 (full 0):
 garbage-first heap   total 159744K, used 27698K [0x0000000704400000, 0x0000000800000000)
  region size 2048K, 2 young (4096K), 2 survivors (4096K)
 Metaspace       used 59265K, committed 59840K, reserved 1114112K
  class space    used 7976K, committed 8256K, reserved 1048576K
}
Event: 13.974 GC heap before
{Heap before GC invocations=16 (full 0):
 garbage-first heap   total 159744K, used 29746K [0x0000000704400000, 0x0000000800000000)
  region size 2048K, 4 young (8192K), 2 survivors (4096K)
 Metaspace       used 59623K, committed 60160K, reserved 1114112K
  class space    used 8028K, committed 8320K, reserved 1048576K
}
Event: 13.979 GC heap after
{Heap after GC invocations=17 (full 0):
 garbage-first heap   total 159744K, used 27933K [0x0000000704400000, 0x0000000800000000)
  region size 2048K, 2 young (4096K), 2 survivors (4096K)
 Metaspace       used 59623K, committed 60160K, reserved 1114112K
  class space    used 8028K, committed 8320K, reserved 1048576K
}
Event: 18.767 GC heap before
{Heap before GC invocations=18 (full 0):
 garbage-first heap   total 110592K, used 89373K [0x0000000704400000, 0x0000000800000000)
  region size 2048K, 32 young (65536K), 2 survivors (4096K)
 Metaspace       used 67087K, committed 67648K, reserved 1114112K
  class space    used 9136K, committed 9408K, reserved 1048576K
}
Event: 18.779 GC heap after
{Heap after GC invocations=19 (full 0):
 garbage-first heap   total 110592K, used 32131K [0x0000000704400000, 0x0000000800000000)
  region size 2048K, 4 young (8192K), 4 survivors (8192K)
 Metaspace       used 67087K, committed 67648K, reserved 1114112K
  class space    used 9136K, committed 9408K, reserved 1048576K
}
Event: 19.109 GC heap before
{Heap before GC invocations=19 (full 0):
 garbage-first heap   total 110592K, used 34179K [0x0000000704400000, 0x0000000800000000)
  region size 2048K, 5 young (10240K), 4 survivors (8192K)
 Metaspace       used 67444K, committed 68032K, reserved 1114112K
  class space    used 9183K, committed 9472K, reserved 1048576K
}
Event: 19.121 GC heap after
{Heap after GC invocations=20 (full 0):
 garbage-first heap   total 110592K, used 32764K [0x0000000704400000, 0x0000000800000000)
  region size 2048K, 1 young (2048K), 1 survivors (2048K)
 Metaspace       used 67444K, committed 68032K, reserved 1114112K
  class space    used 9183K, committed 9472K, reserved 1048576K
}
Event: 20.948 GC heap before
{Heap before GC invocations=20 (full 0):
 garbage-first heap   total 110592K, used 83964K [0x0000000704400000, 0x0000000800000000)
  region size 2048K, 27 young (55296K), 1 survivors (2048K)
 Metaspace       used 69360K, committed 69824K, reserved 1114112K
  class space    used 9383K, committed 9600K, reserved 1048576K
}
Event: 20.957 GC heap after
{Heap after GC invocations=21 (full 0):
 garbage-first heap   total 110592K, used 44732K [0x0000000704400000, 0x0000000800000000)
  region size 2048K, 4 young (8192K), 4 survivors (8192K)
 Metaspace       used 69360K, committed 69824K, reserved 1114112K
  class space    used 9383K, committed 9600K, reserved 1048576K
}
Event: 21.406 GC heap before
{Heap before GC invocations=21 (full 0):
 garbage-first heap   total 110592K, used 81596K [0x0000000704400000, 0x0000000800000000)
  region size 2048K, 23 young (47104K), 4 survivors (8192K)
 Metaspace       used 69542K, committed 70080K, reserved 1114112K
  class space    used 9396K, committed 9664K, reserved 1048576K
}
Event: 21.414 GC heap after
{Heap after GC invocations=22 (full 0):
 garbage-first heap   total 110592K, used 44591K [0x0000000704400000, 0x0000000800000000)
  region size 2048K, 3 young (6144K), 3 survivors (6144K)
 Metaspace       used 69542K, committed 70080K, reserved 1114112K
  class space    used 9396K, committed 9664K, reserved 1048576K
}
Event: 21.734 GC heap before
{Heap before GC invocations=22 (full 0):
 garbage-first heap   total 110592K, used 81455K [0x0000000704400000, 0x0000000800000000)
  region size 2048K, 22 young (45056K), 3 survivors (6144K)
 Metaspace       used 69639K, committed 70208K, reserved 1114112K
  class space    used 9396K, committed 9664K, reserved 1048576K
}
Event: 21.738 GC heap after
{Heap after GC invocations=23 (full 0):
 garbage-first heap   total 110592K, used 40926K [0x0000000704400000, 0x0000000800000000)
  region size 2048K, 1 young (2048K), 1 survivors (2048K)
 Metaspace       used 69639K, committed 70208K, reserved 1114112K
  class space    used 9396K, committed 9664K, reserved 1048576K
}
Event: 21.907 GC heap before
{Heap before GC invocations=23 (full 0):
 garbage-first heap   total 110592K, used 79838K [0x0000000704400000, 0x0000000800000000)
  region size 2048K, 21 young (43008K), 1 survivors (2048K)
 Metaspace       used 69691K, committed 70272K, reserved 1114112K
  class space    used 9396K, committed 9664K, reserved 1048576K
}
Event: 21.914 GC heap after
{Heap after GC invocations=24 (full 0):
 garbage-first heap   total 133120K, used 48336K [0x0000000704400000, 0x0000000800000000)
  region size 2048K, 3 young (6144K), 3 survivors (6144K)
 Metaspace       used 69691K, committed 70272K, reserved 1114112K
  class space    used 9396K, committed 9664K, reserved 1048576K
}
Event: 22.201 GC heap before
{Heap before GC invocations=24 (full 0):
 garbage-first heap   total 133120K, used 95440K [0x0000000704400000, 0x0000000800000000)
  region size 2048K, 27 young (55296K), 3 survivors (6144K)
 Metaspace       used 69741K, committed 70272K, reserved 1114112K
  class space    used 9398K, committed 9664K, reserved 1048576K
}
Event: 22.217 GC heap after
{Heap after GC invocations=25 (full 0):
 garbage-first heap   total 133120K, used 60675K [0x0000000704400000, 0x0000000800000000)
  region size 2048K, 4 young (8192K), 4 survivors (8192K)
 Metaspace       used 69741K, committed 70272K, reserved 1114112K
  class space    used 9398K, committed 9664K, reserved 1048576K
}
Event: 25.875 GC heap before
{Heap before GC invocations=25 (full 0):
 garbage-first heap   total 133120K, used 97539K [0x0000000704400000, 0x0000000800000000)
  region size 2048K, 23 young (47104K), 4 survivors (8192K)
 Metaspace       used 72312K, committed 72832K, reserved 1114112K
  class space    used 9750K, committed 9984K, reserved 1048576K
}
Event: 25.887 GC heap after
{Heap after GC invocations=26 (full 0):
 garbage-first heap   total 133120K, used 69826K [0x0000000704400000, 0x0000000800000000)
  region size 2048K, 3 young (6144K), 3 survivors (6144K)
 Metaspace       used 72312K, committed 72832K, reserved 1114112K
  class space    used 9750K, committed 9984K, reserved 1048576K
}

